2017-11-20 18:16:03.698 [restartedMain] INFO [org.springframework.boot.StartupInfoLogger.logStarting] - Starting MavenApplication on DESKTOP-1ALDEQF with PID 11404 (D:\git-repository\web\target\classes started by zhangyalin in D:\git-repository\web)
2017-11-20 18:16:03.701 [restartedMain] INFO [org.springframework.boot.SpringApplication.logStartupProfileInfo] - The following profiles are active: test
2017-11-20 18:16:03.706 [restartedMain] INFO [org.springframework.context.support.AbstractApplicationContext.prepareRefresh] - Refreshing org.springframework.boot.context.embedded.AnnotationConfigEmbeddedWebApplicationContext@7f420bbb: startup date [Mon Nov 20 18:16:03 CST 2017]; root of context hierarchy
2017-11-20 18:16:04.046 [restartedMain] INFO [org.springframework.beans.factory.xml.XmlBeanDefinitionReader.loadBeanDefinitions] - Loading XML bean definitions from class path resource [config/default-conf.xml]
2017-11-20 18:16:04.057 [restartedMain] INFO [org.springframework.beans.factory.xml.XmlBeanDefinitionReader.loadBeanDefinitions] - Loading XML bean definitions from class path resource [config/db_transaction.xml]
2017-11-20 18:16:04.076 [restartedMain] INFO [org.springframework.beans.factory.xml.XmlBeanDefinitionReader.loadBeanDefinitions] - Loading XML bean definitions from class path resource [config/spring-config-monitor.xml]
2017-11-20 18:16:04.208 [restartedMain] INFO [org.springframework.context.support.PostProcessorRegistrationDelegate$BeanPostProcessorChecker.postProcessAfterInitialization] - Bean 'org.springframework.boot.autoconfigure.validation.ValidationAutoConfiguration' of type [class org.springframework.boot.autoconfigure.validation.ValidationAutoConfiguration] is not eligible for getting processed by all BeanPostProcessors (for example: not eligible for auto-proxying)
2017-11-20 18:16:04.218 [restartedMain] INFO [org.springframework.context.support.PostProcessorRegistrationDelegate$BeanPostProcessorChecker.postProcessAfterInitialization] - Bean 'validator' of type [class org.springframework.validation.beanvalidation.LocalValidatorFactoryBean] is not eligible for getting processed by all BeanPostProcessors (for example: not eligible for auto-proxying)
2017-11-20 18:16:04.222 [restartedMain] INFO [org.springframework.context.support.PostProcessorRegistrationDelegate$BeanPostProcessorChecker.postProcessAfterInitialization] - Bean 'org.springframework.aop.support.DefaultBeanFactoryPointcutAdvisor#0' of type [class org.springframework.aop.support.DefaultBeanFactoryPointcutAdvisor] is not eligible for getting processed by all BeanPostProcessors (for example: not eligible for auto-proxying)
2017-11-20 18:16:04.223 [restartedMain] INFO [org.springframework.context.support.PostProcessorRegistrationDelegate$BeanPostProcessorChecker.postProcessAfterInitialization] - Bean 'druid-stat-pointcut' of type [class org.springframework.aop.support.JdkRegexpMethodPointcut] is not eligible for getting processed by all BeanPostProcessors (for example: not eligible for auto-proxying)
2017-11-20 18:16:04.225 [restartedMain] INFO [org.springframework.context.support.PostProcessorRegistrationDelegate$BeanPostProcessorChecker.postProcessAfterInitialization] - Bean 'druidAdvisor' of type [class org.springframework.aop.support.DefaultBeanFactoryPointcutAdvisor] is not eligible for getting processed by all BeanPostProcessors (for example: not eligible for auto-proxying)
2017-11-20 18:16:04.232 [restartedMain] INFO [org.springframework.context.support.PostProcessorRegistrationDelegate$BeanPostProcessorChecker.postProcessAfterInitialization] - Bean 'org.springframework.transaction.annotation.ProxyTransactionManagementConfiguration' of type [class org.springframework.transaction.annotation.ProxyTransactionManagementConfiguration$$EnhancerBySpringCGLIB$$5e09fe90] is not eligible for getting processed by all BeanPostProcessors (for example: not eligible for auto-proxying)
2017-11-20 18:16:04.356 [restartedMain] INFO [org.springframework.boot.context.embedded.tomcat.TomcatEmbeddedServletContainer.initialize] - Tomcat initialized with port(s): 10002 (http)
2017-11-20 18:16:04.357 [restartedMain] INFO [org.apache.juli.logging.DirectJDKLog.log] - Starting service Tomcat
2017-11-20 18:16:04.357 [restartedMain] INFO [org.apache.juli.logging.DirectJDKLog.log] - Starting Servlet Engine: Apache Tomcat/8.5.11
2017-11-20 18:16:04.369 [localhost-startStop-1] INFO [org.apache.juli.logging.DirectJDKLog.log] - Initializing Spring embedded WebApplicationContext
2017-11-20 18:16:04.370 [localhost-startStop-1] INFO [org.springframework.boot.context.embedded.EmbeddedWebApplicationContext.prepareEmbeddedWebApplicationContext] - Root WebApplicationContext: initialization completed in 664 ms
2017-11-20 18:16:04.543 [localhost-startStop-1] INFO [org.springframework.boot.web.servlet.ServletRegistrationBean.onStartup] - Mapping servlet: 'statViewServlet' to [/druid/*]
2017-11-20 18:16:04.544 [localhost-startStop-1] INFO [org.springframework.boot.web.servlet.ServletRegistrationBean.onStartup] - Mapping servlet: 'dispatcherServlet' to [/]
2017-11-20 18:16:04.546 [localhost-startStop-1] INFO [org.springframework.boot.web.servlet.ServletRegistrationBean.onStartup] - Mapping servlet: 'testServlet' to [/]
2017-11-20 18:16:04.546 [localhost-startStop-1] INFO [org.springframework.boot.web.servlet.AbstractFilterRegistrationBean.configure] - Mapping filter: 'characterEncodingFilter' to: [/*]
2017-11-20 18:16:04.547 [localhost-startStop-1] INFO [org.springframework.boot.web.servlet.AbstractFilterRegistrationBean.configure] - Mapping filter: 'webStatFilter' to urls: [/*]
2017-11-20 18:16:04.547 [localhost-startStop-1] INFO [org.springframework.boot.web.servlet.AbstractFilterRegistrationBean.configure] - Mapping filter: 'corsFilter' to: [/*]
2017-11-20 18:16:04.732 [restartedMain] INFO [com.alibaba.druid.support.logging.Log4j2Impl.info] - {dataSource-3} inited
2017-11-20 18:16:04.745 [restartedMain] INFO [org.springframework.orm.jpa.LocalContainerEntityManagerFactoryBean.createNativeEntityManagerFactory] - Building JPA container EntityManagerFactory for persistence unit 'default'
2017-11-20 18:16:04.745 [restartedMain] INFO [org.hibernate.jpa.internal.util.LogHelper.logPersistenceUnitInformation] - HHH000204: Processing PersistenceUnitInfo [
	name: default
	...]
2017-11-20 18:16:04.766 [restartedMain] INFO [org.hibernate.dialect.Dialect.<init>] - HHH000400: Using dialect: org.hibernate.dialect.MySQLDialect
2017-11-20 18:16:04.777 [restartedMain] INFO [org.springframework.orm.jpa.AbstractEntityManagerFactoryBean.buildNativeEntityManagerFactory] - Initialized JPA EntityManagerFactory for persistence unit 'default'
2017-11-20 18:16:05.020 [restartedMain] INFO [org.springframework.web.servlet.handler.AbstractHandlerMethodMapping$MappingRegistry.register] - Mapped "{[/testAction/getInfo]}" onto public java.lang.Object com.maven.web.controller.AjaxController.getInfo()
2017-11-20 18:16:05.022 [restartedMain] INFO [org.springframework.web.servlet.handler.AbstractHandlerMethodMapping$MappingRegistry.register] - Mapped "{[/getAction/getInfo],methods=[GET]}" onto public java.lang.Object com.maven.web.controller.HttpGetPostController.getInfo(java.lang.String)
2017-11-20 18:16:05.022 [restartedMain] INFO [org.springframework.web.servlet.handler.AbstractHandlerMethodMapping$MappingRegistry.register] - Mapped "{[/getAction/param],methods=[POST]}" onto public com.maven.web.pojo.Model com.maven.web.controller.HttpGetPostController.param(java.lang.String,java.lang.String) throws java.io.IOException,java.text.ParseException
2017-11-20 18:16:05.023 [restartedMain] INFO [org.springframework.web.servlet.handler.AbstractHandlerMethodMapping$MappingRegistry.register] - Mapped "{[/getAction/postInfo],methods=[POST]}" onto public com.maven.web.pojo.Model com.maven.web.controller.HttpGetPostController.postInfo(com.maven.web.pojo.Model) throws java.io.IOException,java.text.ParseException
2017-11-20 18:16:05.023 [restartedMain] INFO [org.springframework.web.servlet.handler.AbstractHandlerMethodMapping$MappingRegistry.register] - Mapped "{[/mavenAction/listDept]}" onto public java.lang.Object com.maven.web.controller.MavenController.listDept(com.maven.web.pojo.Model)
2017-11-20 18:16:05.025 [restartedMain] INFO [org.springframework.web.servlet.handler.AbstractHandlerMethodMapping$MappingRegistry.register] - Mapped "{[/fileUpload/file]}" onto public java.lang.String com.maven.web.upload.FileUploadController.file()
2017-11-20 18:16:05.025 [restartedMain] INFO [org.springframework.web.servlet.handler.AbstractHandlerMethodMapping$MappingRegistry.register] - Mapped "{[/fileUpload/batch/upload],methods=[POST]}" onto public java.lang.String com.maven.web.upload.FileUploadController.handleFileUpload(javax.servlet.http.HttpServletRequest)
2017-11-20 18:16:05.027 [restartedMain] INFO [org.springframework.web.servlet.handler.AbstractHandlerMethodMapping$MappingRegistry.register] - Mapped "{[/fileUpload/upload1],produces=[application/json;charset=UTF-8]}" onto public java.lang.String com.maven.web.upload.FileUploadController.handleFileUpload(org.springframework.web.multipart.MultipartFile,javax.servlet.http.HttpServletRequest) throws java.lang.Exception
2017-11-20 18:16:05.027 [restartedMain] INFO [org.springframework.web.servlet.handler.AbstractHandlerMethodMapping$MappingRegistry.register] - Mapped "{[/fileUpload/upload2],produces=[application/json;charset=UTF-8]}" onto public java.lang.String com.maven.web.upload.FileUploadController.handleFileUpload(org.springframework.web.multipart.MultipartFile) throws java.lang.Exception
2017-11-20 18:16:05.027 [restartedMain] INFO [org.springframework.web.servlet.handler.AbstractHandlerMethodMapping$MappingRegistry.register] - Mapped "{[/fileUpload/upload],produces=[application/json;charset=UTF-8]}" onto public java.lang.String com.maven.web.upload.FileUploadController.handleFileUpload1(org.springframework.web.multipart.MultipartFile,javax.servlet.http.HttpServletRequest) throws java.lang.Exception
2017-11-20 18:16:05.029 [restartedMain] INFO [org.springframework.web.servlet.handler.AbstractHandlerMethodMapping$MappingRegistry.register] - Mapped "{[/TestServlet/upload]}" onto public void com.maven.web.upload.TestServlet.service(javax.servlet.http.HttpServletRequest,javax.servlet.http.HttpServletResponse) throws javax.servlet.ServletException,java.io.IOException
2017-11-20 18:16:05.030 [restartedMain] INFO [org.springframework.web.servlet.handler.AbstractHandlerMethodMapping$MappingRegistry.register] - Mapped "{[/]}" onto public java.lang.String com.maven.web.ViewController.handleError()
2017-11-20 18:16:05.032 [restartedMain] INFO [org.springframework.web.servlet.handler.AbstractHandlerMethodMapping$MappingRegistry.register] - Mapped "{[/error]}" onto public org.springframework.http.ResponseEntity<java.util.Map<java.lang.String, java.lang.Object>> org.springframework.boot.autoconfigure.web.BasicErrorController.error(javax.servlet.http.HttpServletRequest)
2017-11-20 18:16:05.033 [restartedMain] INFO [org.springframework.web.servlet.handler.AbstractHandlerMethodMapping$MappingRegistry.register] - Mapped "{[/error],produces=[text/html]}" onto public org.springframework.web.servlet.ModelAndView org.springframework.boot.autoconfigure.web.BasicErrorController.errorHtml(javax.servlet.http.HttpServletRequest,javax.servlet.http.HttpServletResponse)
2017-11-20 18:16:05.054 [restartedMain] INFO [org.springframework.web.servlet.handler.AbstractUrlHandlerMapping.registerHandler] - Mapped URL path [/**] onto handler of type [class org.springframework.web.servlet.resource.ResourceHttpRequestHandler]
2017-11-20 18:16:05.088 [restartedMain] INFO [org.springframework.web.servlet.mvc.method.annotation.RequestMappingHandlerAdapter.initControllerAdviceCache] - Looking for @ControllerAdvice: org.springframework.boot.context.embedded.AnnotationConfigEmbeddedWebApplicationContext@7f420bbb: startup date [Mon Nov 20 18:16:03 CST 2017]; root of context hierarchy
2017-11-20 18:16:05.334 [restartedMain] INFO [org.springframework.boot.devtools.autoconfigure.OptionalLiveReloadServer.startServer] - LiveReload server is running on port 35729
2017-11-20 18:16:05.366 [restartedMain] INFO [org.springframework.jmx.export.MBeanExporter.afterSingletonsInstantiated] - Registering beans for JMX exposure on startup
2017-11-20 18:16:05.367 [restartedMain] INFO [org.springframework.jmx.export.MBeanExporter.autodetect] - Bean with name 'dataSource' has been autodetected for JMX exposure
2017-11-20 18:16:05.369 [restartedMain] INFO [org.springframework.jmx.export.MBeanExporter.registerBeanInstance] - Located MBean 'dataSource': registering with JMX server as MBean [com.alibaba.druid.pool:name=dataSource,type=DruidDataSource]
2017-11-20 18:16:05.372 [restartedMain] INFO [org.apache.juli.logging.DirectJDKLog.log] - Initializing ProtocolHandler ["http-nio-10002"]
2017-11-20 18:16:05.373 [restartedMain] INFO [org.apache.juli.logging.DirectJDKLog.log] - Starting ProtocolHandler [http-nio-10002]
2017-11-20 18:16:05.373 [restartedMain] INFO [org.apache.juli.logging.DirectJDKLog.log] - Using a shared selector for servlet write/read
2017-11-20 18:16:05.390 [restartedMain] INFO [org.springframework.boot.context.embedded.tomcat.TomcatEmbeddedServletContainer.start] - Tomcat started on port(s): 10002 (http)
2017-11-20 18:16:05.393 [restartedMain] INFO [org.springframework.boot.StartupInfoLogger.logStarted] - Started MavenApplication in 1.747 seconds (JVM running for 10686.177)
2017-11-20 18:16:10.835 [Thread-16] INFO [org.springframework.context.support.AbstractApplicationContext.doClose] - Closing org.springframework.boot.context.embedded.AnnotationConfigEmbeddedWebApplicationContext@7f420bbb: startup date [Mon Nov 20 18:16:03 CST 2017]; root of context hierarchy
2017-11-20 18:16:10.845 [Thread-16] INFO [org.springframework.jmx.export.MBeanExporter.destroy] - Unregistering JMX-exposed beans on shutdown
2017-11-20 18:16:10.846 [Thread-16] INFO [org.springframework.jmx.support.MBeanRegistrationSupport.unregisterBeans] - Unregistering JMX-exposed beans
2017-11-20 18:16:10.847 [Thread-16] INFO [org.springframework.orm.jpa.AbstractEntityManagerFactoryBean.destroy] - Closing JPA EntityManagerFactory for persistence unit 'default'
2017-11-20 18:16:10.853 [Thread-16] INFO [com.alibaba.druid.support.logging.Log4j2Impl.info] - {dataSource-3} closed
